<?xml version="1.0" encoding="UTF-8"?>
<testsuite xmlns:xsi="http://www.w3.org/2001/XMLSchema-instance" xsi:noNamespaceSchemaLocation="https://maven.apache.org/surefire/maven-surefire-plugin/xsd/surefire-test-report.xsd" version="3.0.2" name="TestSuite" time="27.323" tests="10" errors="0" skipped="0" failures="0">
  <properties>
    <property name="java.specification.version" value="21"/>
    <property name="sun.cpu.isalist" value="amd64"/>
    <property name="sun.jnu.encoding" value="Cp1252"/>
    <property name="java.class.path" value="C:\Users\Public\Pet_API_ABHI\target\test-classes;C:\Users\Public\Pet_API_ABHI\target\classes;C:\Users\LENOVO\.m2\repository\io\rest-assured\rest-assured\5.1.1\rest-assured-5.1.1.jar;C:\Users\LENOVO\.m2\repository\org\apache\groovy\groovy\4.0.1\groovy-4.0.1.jar;C:\Users\LENOVO\.m2\repository\org\apache\groovy\groovy-xml\4.0.1\groovy-xml-4.0.1.jar;C:\Users\LENOVO\.m2\repository\org\apache\httpcomponents\httpclient\4.5.13\httpclient-4.5.13.jar;C:\Users\LENOVO\.m2\repository\org\apache\httpcomponents\httpcore\4.4.13\httpcore-4.4.13.jar;C:\Users\LENOVO\.m2\repository\commons-logging\commons-logging\1.2\commons-logging-1.2.jar;C:\Users\LENOVO\.m2\repository\org\apache\httpcomponents\httpmime\4.5.13\httpmime-4.5.13.jar;C:\Users\LENOVO\.m2\repository\org\hamcrest\hamcrest\2.1\hamcrest-2.1.jar;C:\Users\LENOVO\.m2\repository\org\ccil\cowan\tagsoup\tagsoup\1.2.1\tagsoup-1.2.1.jar;C:\Users\LENOVO\.m2\repository\io\rest-assured\xml-path\5.1.1\xml-path-5.1.1.jar;C:\Users\LENOVO\.m2\repository\io\rest-assured\json-path\5.1.1\json-path-5.1.1.jar;C:\Users\LENOVO\.m2\repository\org\apache\groovy\groovy-json\4.0.1\groovy-json-4.0.1.jar;C:\Users\LENOVO\.m2\repository\io\rest-assured\rest-assured-common\5.1.1\rest-assured-common-5.1.1.jar;C:\Users\LENOVO\.m2\repository\org\json\json\20220320\json-20220320.jar;C:\Users\LENOVO\.m2\repository\org\testng\testng\7.6.1\testng-7.6.1.jar;C:\Users\LENOVO\.m2\repository\com\google\code\findbugs\jsr305\3.0.2\jsr305-3.0.2.jar;C:\Users\LENOVO\.m2\repository\org\slf4j\slf4j-api\1.7.36\slf4j-api-1.7.36.jar;C:\Users\LENOVO\.m2\repository\com\beust\jcommander\1.82\jcommander-1.82.jar;C:\Users\LENOVO\.m2\repository\org\webjars\jquery\3.6.0\jquery-3.6.0.jar;C:\Users\LENOVO\.m2\repository\com\github\scribejava\scribejava-apis\8.3.1\scribejava-apis-8.3.1.jar;C:\Users\LENOVO\.m2\repository\com\github\scribejava\scribejava-core\8.3.1\scribejava-core-8.3.1.jar;C:\Users\LENOVO\.m2\repository\com\github\scribejava\scribejava-java8\8.3.1\scribejava-java8-8.3.1.jar;C:\Users\LENOVO\.m2\repository\com\fasterxml\jackson\core\jackson-databind\2.12.3\jackson-databind-2.12.3.jar;C:\Users\LENOVO\.m2\repository\com\fasterxml\jackson\core\jackson-annotations\2.12.3\jackson-annotations-2.12.3.jar;C:\Users\LENOVO\.m2\repository\com\fasterxml\jackson\core\jackson-core\2.12.3\jackson-core-2.12.3.jar;C:\Users\LENOVO\.m2\repository\io\rest-assured\json-schema-validator\5.1.1\json-schema-validator-5.1.1.jar;C:\Users\LENOVO\.m2\repository\com\github\java-json-tools\json-schema-validator\2.2.14\json-schema-validator-2.2.14.jar;C:\Users\LENOVO\.m2\repository\com\google\guava\guava\28.2-android\guava-28.2-android.jar;C:\Users\LENOVO\.m2\repository\com\google\guava\failureaccess\1.0.1\failureaccess-1.0.1.jar;C:\Users\LENOVO\.m2\repository\com\google\guava\listenablefuture\9999.0-empty-to-avoid-conflict-with-guava\listenablefuture-9999.0-empty-to-avoid-conflict-with-guava.jar;C:\Users\LENOVO\.m2\repository\org\checkerframework\checker-compat-qual\2.5.5\checker-compat-qual-2.5.5.jar;C:\Users\LENOVO\.m2\repository\com\google\errorprone\error_prone_annotations\2.3.4\error_prone_annotations-2.3.4.jar;C:\Users\LENOVO\.m2\repository\com\google\j2objc\j2objc-annotations\1.3\j2objc-annotations-1.3.jar;C:\Users\LENOVO\.m2\repository\com\github\java-json-tools\jackson-coreutils-equivalence\1.0\jackson-coreutils-equivalence-1.0.jar;C:\Users\LENOVO\.m2\repository\com\github\java-json-tools\jackson-coreutils\2.0\jackson-coreutils-2.0.jar;C:\Users\LENOVO\.m2\repository\com\github\java-json-tools\msg-simple\1.2\msg-simple-1.2.jar;C:\Users\LENOVO\.m2\repository\com\github\java-json-tools\btf\1.3\btf-1.3.jar;C:\Users\LENOVO\.m2\repository\com\github\java-json-tools\json-schema-core\1.2.14\json-schema-core-1.2.14.jar;C:\Users\LENOVO\.m2\repository\com\github\java-json-tools\uri-template\0.10\uri-template-0.10.jar;C:\Users\LENOVO\.m2\repository\org\mozilla\rhino\1.7.7.2\rhino-1.7.7.2.jar;C:\Users\LENOVO\.m2\repository\com\sun\mail\mailapi\1.6.2\mailapi-1.6.2.jar;C:\Users\LENOVO\.m2\repository\joda-time\joda-time\2.10.5\joda-time-2.10.5.jar;C:\Users\LENOVO\.m2\repository\com\googlecode\libphonenumber\libphonenumber\8.11.1\libphonenumber-8.11.1.jar;C:\Users\LENOVO\.m2\repository\net\sf\jopt-simple\jopt-simple\5.0.4\jopt-simple-5.0.4.jar;C:\Users\LENOVO\.m2\repository\com\github\javafaker\javafaker\1.0.2\javafaker-1.0.2.jar;C:\Users\LENOVO\.m2\repository\org\apache\commons\commons-lang3\3.5\commons-lang3-3.5.jar;C:\Users\LENOVO\.m2\repository\org\yaml\snakeyaml\1.23\snakeyaml-1.23-android.jar;C:\Users\LENOVO\.m2\repository\com\github\mifmif\generex\1.0.2\generex-1.0.2.jar;C:\Users\LENOVO\.m2\repository\dk\brics\automaton\automaton\1.11-8\automaton-1.11-8.jar;C:\Users\LENOVO\.m2\repository\com\aventstack\extentreports\5.0.9\extentreports-5.0.9.jar;C:\Users\LENOVO\.m2\repository\io\reactivex\rxjava3\rxjava\3.0.4\rxjava-3.0.4.jar;C:\Users\LENOVO\.m2\repository\org\reactivestreams\reactive-streams\1.0.3\reactive-streams-1.0.3.jar;C:\Users\LENOVO\.m2\repository\org\freemarker\freemarker\2.3.30\freemarker-2.3.30.jar;C:\Users\LENOVO\.m2\repository\org\projectlombok\lombok\1.18.12\lombok-1.18.12.jar;C:\Users\LENOVO\.m2\repository\com\google\code\gson\gson\2.8.6\gson-2.8.6.jar;C:\Users\LENOVO\.m2\repository\org\apache\poi\poi\5.2.2\poi-5.2.2.jar;C:\Users\LENOVO\.m2\repository\commons-codec\commons-codec\1.15\commons-codec-1.15.jar;C:\Users\LENOVO\.m2\repository\org\apache\commons\commons-collections4\4.4\commons-collections4-4.4.jar;C:\Users\LENOVO\.m2\repository\org\apache\commons\commons-math3\3.6.1\commons-math3-3.6.1.jar;C:\Users\LENOVO\.m2\repository\commons-io\commons-io\2.11.0\commons-io-2.11.0.jar;C:\Users\LENOVO\.m2\repository\com\zaxxer\SparseBitSet\1.2\SparseBitSet-1.2.jar;C:\Users\LENOVO\.m2\repository\org\apache\poi\poi-ooxml\5.2.2\poi-ooxml-5.2.2.jar;C:\Users\LENOVO\.m2\repository\org\apache\poi\poi-ooxml-lite\5.2.2\poi-ooxml-lite-5.2.2.jar;C:\Users\LENOVO\.m2\repository\org\apache\xmlbeans\xmlbeans\5.0.3\xmlbeans-5.0.3.jar;C:\Users\LENOVO\.m2\repository\org\apache\commons\commons-compress\1.21\commons-compress-1.21.jar;C:\Users\LENOVO\.m2\repository\com\github\virtuald\curvesapi\1.07\curvesapi-1.07.jar;C:\Users\LENOVO\.m2\repository\org\apache\logging\log4j\log4j-api\2.18.0\log4j-api-2.18.0.jar;C:\Users\LENOVO\.m2\repository\org\apache\logging\log4j\log4j-core\2.18.0\log4j-core-2.18.0.jar;C:\Users\LENOVO\.m2\repository\junit\junit\3.8.1\junit-3.8.1.jar;"/>
    <property name="java.vm.vendor" value="Eclipse Adoptium"/>
    <property name="sun.arch.data.model" value="64"/>
    <property name="user.variant" value=""/>
    <property name="java.vendor.url" value="https://adoptium.net/"/>
    <property name="user.timezone" value="Asia/Calcutta"/>
    <property name="os.name" value="Windows 10"/>
    <property name="java.vm.specification.version" value="21"/>
    <property name="sun.java.launcher" value="SUN_STANDARD"/>
    <property name="user.country" value="IN"/>
    <property name="sun.boot.library.path" value="C:\Users\LENOVO\eclipse\plugins\org.eclipse.justj.openjdk.hotspot.jre.full.win32.x86_64_21.0.4.v20240802-1551\jre\bin"/>
    <property name="sun.java.command" value="C:\Users\LENOVO\AppData\Local\Temp\surefire10748790389739260516\surefirebooter-20241123162302620_3.jar C:\Users\LENOVO\AppData\Local\Temp\surefire10748790389739260516 2024-11-23T16-23-02_351-jvmRun1 surefire-20241123162302620_1tmp surefire_0-20241123162302620_2tmp"/>
    <property name="jdk.debug" value="release"/>
    <property name="surefire.test.class.path" value="C:\Users\Public\Pet_API_ABHI\target\test-classes;C:\Users\Public\Pet_API_ABHI\target\classes;C:\Users\LENOVO\.m2\repository\io\rest-assured\rest-assured\5.1.1\rest-assured-5.1.1.jar;C:\Users\LENOVO\.m2\repository\org\apache\groovy\groovy\4.0.1\groovy-4.0.1.jar;C:\Users\LENOVO\.m2\repository\org\apache\groovy\groovy-xml\4.0.1\groovy-xml-4.0.1.jar;C:\Users\LENOVO\.m2\repository\org\apache\httpcomponents\httpclient\4.5.13\httpclient-4.5.13.jar;C:\Users\LENOVO\.m2\repository\org\apache\httpcomponents\httpcore\4.4.13\httpcore-4.4.13.jar;C:\Users\LENOVO\.m2\repository\commons-logging\commons-logging\1.2\commons-logging-1.2.jar;C:\Users\LENOVO\.m2\repository\org\apache\httpcomponents\httpmime\4.5.13\httpmime-4.5.13.jar;C:\Users\LENOVO\.m2\repository\org\hamcrest\hamcrest\2.1\hamcrest-2.1.jar;C:\Users\LENOVO\.m2\repository\org\ccil\cowan\tagsoup\tagsoup\1.2.1\tagsoup-1.2.1.jar;C:\Users\LENOVO\.m2\repository\io\rest-assured\xml-path\5.1.1\xml-path-5.1.1.jar;C:\Users\LENOVO\.m2\repository\io\rest-assured\json-path\5.1.1\json-path-5.1.1.jar;C:\Users\LENOVO\.m2\repository\org\apache\groovy\groovy-json\4.0.1\groovy-json-4.0.1.jar;C:\Users\LENOVO\.m2\repository\io\rest-assured\rest-assured-common\5.1.1\rest-assured-common-5.1.1.jar;C:\Users\LENOVO\.m2\repository\org\json\json\20220320\json-20220320.jar;C:\Users\LENOVO\.m2\repository\org\testng\testng\7.6.1\testng-7.6.1.jar;C:\Users\LENOVO\.m2\repository\com\google\code\findbugs\jsr305\3.0.2\jsr305-3.0.2.jar;C:\Users\LENOVO\.m2\repository\org\slf4j\slf4j-api\1.7.36\slf4j-api-1.7.36.jar;C:\Users\LENOVO\.m2\repository\com\beust\jcommander\1.82\jcommander-1.82.jar;C:\Users\LENOVO\.m2\repository\org\webjars\jquery\3.6.0\jquery-3.6.0.jar;C:\Users\LENOVO\.m2\repository\com\github\scribejava\scribejava-apis\8.3.1\scribejava-apis-8.3.1.jar;C:\Users\LENOVO\.m2\repository\com\github\scribejava\scribejava-core\8.3.1\scribejava-core-8.3.1.jar;C:\Users\LENOVO\.m2\repository\com\github\scribejava\scribejava-java8\8.3.1\scribejava-java8-8.3.1.jar;C:\Users\LENOVO\.m2\repository\com\fasterxml\jackson\core\jackson-databind\2.12.3\jackson-databind-2.12.3.jar;C:\Users\LENOVO\.m2\repository\com\fasterxml\jackson\core\jackson-annotations\2.12.3\jackson-annotations-2.12.3.jar;C:\Users\LENOVO\.m2\repository\com\fasterxml\jackson\core\jackson-core\2.12.3\jackson-core-2.12.3.jar;C:\Users\LENOVO\.m2\repository\io\rest-assured\json-schema-validator\5.1.1\json-schema-validator-5.1.1.jar;C:\Users\LENOVO\.m2\repository\com\github\java-json-tools\json-schema-validator\2.2.14\json-schema-validator-2.2.14.jar;C:\Users\LENOVO\.m2\repository\com\google\guava\guava\28.2-android\guava-28.2-android.jar;C:\Users\LENOVO\.m2\repository\com\google\guava\failureaccess\1.0.1\failureaccess-1.0.1.jar;C:\Users\LENOVO\.m2\repository\com\google\guava\listenablefuture\9999.0-empty-to-avoid-conflict-with-guava\listenablefuture-9999.0-empty-to-avoid-conflict-with-guava.jar;C:\Users\LENOVO\.m2\repository\org\checkerframework\checker-compat-qual\2.5.5\checker-compat-qual-2.5.5.jar;C:\Users\LENOVO\.m2\repository\com\google\errorprone\error_prone_annotations\2.3.4\error_prone_annotations-2.3.4.jar;C:\Users\LENOVO\.m2\repository\com\google\j2objc\j2objc-annotations\1.3\j2objc-annotations-1.3.jar;C:\Users\LENOVO\.m2\repository\com\github\java-json-tools\jackson-coreutils-equivalence\1.0\jackson-coreutils-equivalence-1.0.jar;C:\Users\LENOVO\.m2\repository\com\github\java-json-tools\jackson-coreutils\2.0\jackson-coreutils-2.0.jar;C:\Users\LENOVO\.m2\repository\com\github\java-json-tools\msg-simple\1.2\msg-simple-1.2.jar;C:\Users\LENOVO\.m2\repository\com\github\java-json-tools\btf\1.3\btf-1.3.jar;C:\Users\LENOVO\.m2\repository\com\github\java-json-tools\json-schema-core\1.2.14\json-schema-core-1.2.14.jar;C:\Users\LENOVO\.m2\repository\com\github\java-json-tools\uri-template\0.10\uri-template-0.10.jar;C:\Users\LENOVO\.m2\repository\org\mozilla\rhino\1.7.7.2\rhino-1.7.7.2.jar;C:\Users\LENOVO\.m2\repository\com\sun\mail\mailapi\1.6.2\mailapi-1.6.2.jar;C:\Users\LENOVO\.m2\repository\joda-time\joda-time\2.10.5\joda-time-2.10.5.jar;C:\Users\LENOVO\.m2\repository\com\googlecode\libphonenumber\libphonenumber\8.11.1\libphonenumber-8.11.1.jar;C:\Users\LENOVO\.m2\repository\net\sf\jopt-simple\jopt-simple\5.0.4\jopt-simple-5.0.4.jar;C:\Users\LENOVO\.m2\repository\com\github\javafaker\javafaker\1.0.2\javafaker-1.0.2.jar;C:\Users\LENOVO\.m2\repository\org\apache\commons\commons-lang3\3.5\commons-lang3-3.5.jar;C:\Users\LENOVO\.m2\repository\org\yaml\snakeyaml\1.23\snakeyaml-1.23-android.jar;C:\Users\LENOVO\.m2\repository\com\github\mifmif\generex\1.0.2\generex-1.0.2.jar;C:\Users\LENOVO\.m2\repository\dk\brics\automaton\automaton\1.11-8\automaton-1.11-8.jar;C:\Users\LENOVO\.m2\repository\com\aventstack\extentreports\5.0.9\extentreports-5.0.9.jar;C:\Users\LENOVO\.m2\repository\io\reactivex\rxjava3\rxjava\3.0.4\rxjava-3.0.4.jar;C:\Users\LENOVO\.m2\repository\org\reactivestreams\reactive-streams\1.0.3\reactive-streams-1.0.3.jar;C:\Users\LENOVO\.m2\repository\org\freemarker\freemarker\2.3.30\freemarker-2.3.30.jar;C:\Users\LENOVO\.m2\repository\org\projectlombok\lombok\1.18.12\lombok-1.18.12.jar;C:\Users\LENOVO\.m2\repository\com\google\code\gson\gson\2.8.6\gson-2.8.6.jar;C:\Users\LENOVO\.m2\repository\org\apache\poi\poi\5.2.2\poi-5.2.2.jar;C:\Users\LENOVO\.m2\repository\commons-codec\commons-codec\1.15\commons-codec-1.15.jar;C:\Users\LENOVO\.m2\repository\org\apache\commons\commons-collections4\4.4\commons-collections4-4.4.jar;C:\Users\LENOVO\.m2\repository\org\apache\commons\commons-math3\3.6.1\commons-math3-3.6.1.jar;C:\Users\LENOVO\.m2\repository\commons-io\commons-io\2.11.0\commons-io-2.11.0.jar;C:\Users\LENOVO\.m2\repository\com\zaxxer\SparseBitSet\1.2\SparseBitSet-1.2.jar;C:\Users\LENOVO\.m2\repository\org\apache\poi\poi-ooxml\5.2.2\poi-ooxml-5.2.2.jar;C:\Users\LENOVO\.m2\repository\org\apache\poi\poi-ooxml-lite\5.2.2\poi-ooxml-lite-5.2.2.jar;C:\Users\LENOVO\.m2\repository\org\apache\xmlbeans\xmlbeans\5.0.3\xmlbeans-5.0.3.jar;C:\Users\LENOVO\.m2\repository\org\apache\commons\commons-compress\1.21\commons-compress-1.21.jar;C:\Users\LENOVO\.m2\repository\com\github\virtuald\curvesapi\1.07\curvesapi-1.07.jar;C:\Users\LENOVO\.m2\repository\org\apache\logging\log4j\log4j-api\2.18.0\log4j-api-2.18.0.jar;C:\Users\LENOVO\.m2\repository\org\apache\logging\log4j\log4j-core\2.18.0\log4j-core-2.18.0.jar;C:\Users\LENOVO\.m2\repository\junit\junit\3.8.1\junit-3.8.1.jar;"/>
    <property name="sun.cpu.endian" value="little"/>
    <property name="user.home" value="C:\Users\LENOVO"/>
    <property name="user.language" value="en"/>
    <property name="java.specification.vendor" value="Oracle Corporation"/>
    <property name="java.version.date" value="2024-07-16"/>
    <property name="java.home" value="C:\Users\LENOVO\eclipse\plugins\org.eclipse.justj.openjdk.hotspot.jre.full.win32.x86_64_21.0.4.v20240802-1551\jre"/>
    <property name="file.separator" value="\"/>
    <property name="basedir" value="C:\Users\Public\Pet_API_ABHI"/>
    <property name="style.color" value="always"/>
    <property name="java.vm.compressedOopsMode" value="32-bit"/>
    <property name="line.separator" value="&#10;"/>
    <property name="java.vm.specification.vendor" value="Oracle Corporation"/>
    <property name="java.specification.name" value="Java Platform API Specification"/>
    <property name="surefire.real.class.path" value="C:\Users\LENOVO\AppData\Local\Temp\surefire10748790389739260516\surefirebooter-20241123162302620_3.jar"/>
    <property name="user.script" value=""/>
    <property name="sun.management.compiler" value="HotSpot 64-Bit Tiered Compilers"/>
    <property name="java.runtime.version" value="21.0.4+7-LTS"/>
    <property name="user.name" value="LENOVO"/>
    <property name="stdout.encoding" value="Cp1252"/>
    <property name="path.separator" value=";"/>
    <property name="os.version" value="10.0"/>
    <property name="java.runtime.name" value="OpenJDK Runtime Environment"/>
    <property name="file.encoding" value="UTF-8"/>
    <property name="java.vm.name" value="OpenJDK 64-Bit Server VM"/>
    <property name="java.vendor.version" value="Temurin-21.0.4+7"/>
    <property name="localRepository" value="C:\Users\LENOVO\.m2\repository"/>
    <property name="java.vendor.url.bug" value="https://github.com/adoptium/adoptium-support/issues"/>
    <property name="java.io.tmpdir" value="C:\Users\LENOVO\AppData\Local\Temp\"/>
    <property name="java.version" value="21.0.4"/>
    <property name="user.dir" value="C:\Users\Public\Pet_API_ABHI"/>
    <property name="os.arch" value="amd64"/>
    <property name="java.vm.specification.name" value="Java Virtual Machine Specification"/>
    <property name="sun.os.patch.level" value=""/>
    <property name="native.encoding" value="Cp1252"/>
    <property name="java.library.path" value="C:\Users\LENOVO\eclipse\plugins\org.eclipse.justj.openjdk.hotspot.jre.full.win32.x86_64_21.0.4.v20240802-1551\jre\bin;C:\Windows\Sun\Java\bin;C:\Windows\system32;C:\Windows;C:/Users/LENOVO/eclipse//plugins/org.eclipse.justj.openjdk.hotspot.jre.full.win32.x86_64_21.0.4.v20240802-1551/jre/bin/server;C:/Users/LENOVO/eclipse//plugins/org.eclipse.justj.openjdk.hotspot.jre.full.win32.x86_64_21.0.4.v20240802-1551/jre/bin;C:\Program Files (x86)\Common Files\Oracle\Java\javapath;C:\Windows\system32;C:\Windows;C:\Windows\System32\Wbem;C:\Windows\System32\WindowsPowerShell\v1.0\;C:\Windows\System32\OpenSSH\;C:\Users\LENOVO\apache-maven-3.9.9;C:\Users\LENOVO\apache-maven-3.9.9\bin;C:\Program Files\PuTTY\;C:\Program Files\TortoiseGit\bin;C:\Program Files\Git\cmd;C:\Users\LENOVO\AppData\Local\Microsoft\WindowsApps;;C:\Users\LENOVO\eclipse;;."/>
    <property name="java.vm.info" value="mixed mode"/>
    <property name="stderr.encoding" value="Cp1252"/>
    <property name="java.vendor" value="Eclipse Adoptium"/>
    <property name="java.vm.version" value="21.0.4+7-LTS"/>
    <property name="sun.io.unicode.encoding" value="UnicodeLittle"/>
    <property name="java.class.version" value="65.0"/>
  </properties>
  <testcase name="testPostuser[1010, testuser1, John, Canedy, a@gmail.com, test@1, 1234567897](1)" classname="api.test.DDTests" time="5.511">
    <system-err><![CDATA[SLF4J: Failed to load class "org.slf4j.impl.StaticLoggerBinder".
SLF4J: Defaulting to no-operation (NOP) logger implementation
SLF4J: See http://www.slf4j.org/codes.html#StaticLoggerBinder for further details.
]]></system-err>
  </testcase>
  <testcase name="testPostuser[1020, testuser2, Kim, Kom, b@gmail.com, test@2, 1234567897](2)" classname="api.test.DDTests" time="1.558"/>
  <testcase name="testPostuser[1030, testuser3, Smith, Steve, c@gmail.com, test@3, 1234567897](3)" classname="api.test.DDTests" time="1.549"/>
  <testcase name="testDeleteUserByName[testuser1](1)" classname="api.test.DDTests" time="1.52"/>
  <testcase name="testDeleteUserByName[testuser2](2)" classname="api.test.DDTests" time="1.595"/>
  <testcase name="testDeleteUserByName[testuser3](3)" classname="api.test.DDTests" time="1.586"/>
  <testcase name="testPostUser" classname="api.test.UserTests" time="1.921">
    <system-out><![CDATA[HTTP/1.1 200 OK
Date: Sat, 23 Nov 2024 10:53:23 GMT
Content-Type: application/json
Transfer-Encoding: chunked
Connection: keep-alive
Access-Control-Allow-Origin: *
Access-Control-Allow-Methods: GET, POST, DELETE, PUT
Access-Control-Allow-Headers: Content-Type, api_key, Authorization
Server: Jetty(9.2.9.v20150224)

{
    "code": 200,
    "type": "unknown",
    "message": "1170803205"
}
]]></system-out>
  </testcase>
  <testcase name="testGetUserByName" classname="api.test.UserTests" time="1.532">
    <system-out><![CDATA[HTTP/1.1 200 OK
Date: Sat, 23 Nov 2024 10:53:24 GMT
Content-Type: application/json
Transfer-Encoding: chunked
Connection: keep-alive
Access-Control-Allow-Origin: *
Access-Control-Allow-Methods: GET, POST, DELETE, PUT
Access-Control-Allow-Headers: Content-Type, api_key, Authorization
Server: Jetty(9.2.9.v20150224)

{
    "id": 1170803205,
    "username": "jerald.schamberger",
    "firstName": "Damien",
    "lastName": "Conn",
    "email": "arline.raynor@example.com",
    "password": "hjc9uqg",
    "phone": "815.132.4404",
    "userStatus": 0
}
]]></system-out>
  </testcase>
  <testcase name="testUpdateUserByName" classname="api.test.UserTests" time="3.107">
    <system-out><![CDATA[{
    "code": 200,
    "type": "unknown",
    "message": "1170803205"
}
]]></system-out>
  </testcase>
  <testcase name="testDeleteUserByName" classname="api.test.UserTests" time="1.483"/>
</testsuite>