<?xml version="1.0" encoding="UTF-8"?>
<!-- Generated by org.testng.reporters.JUnitReportReporter -->
<testsuite hostname="VE23082022-J38H" failures="0" tests="6" name="api.test.DDTests" time="9.043" errors="0" timestamp="2024-11-20T15:05:38 IST" skipped="0">
  <testcase classname="api.test.DDTests" name="testPostuser" time="1.391"/>
  <system-out/>
  <testcase classname="api.test.DDTests" name="testPostuser" time="2.545"/>
  <system-out/>
  <testcase classname="api.test.DDTests" name="testPostuser" time="1.314"/>
  <system-out/>
  <testcase classname="api.test.DDTests" name="testDeleteUserByName" time="1.233"/>
  <system-out/>
  <testcase classname="api.test.DDTests" name="testDeleteUserByName" time="1.317"/>
  <system-out/>
  <testcase classname="api.test.DDTests" name="testDeleteUserByName" time="1.243"/>
  <system-out/>
</testsuite> <!-- api.test.DDTests -->
