<?xml version="1.0" encoding="UTF-8"?>
<!-- Generated by org.testng.reporters.JUnitReportReporter -->
<testsuite hostname="VE23082022-J38H" failures="0" tests="4" name="api.test.UserTests" time="7.969" errors="0" timestamp="2024-11-20T16:02:01 IST" skipped="0">
  <testcase classname="api.test.UserTests" name="testPostUser" time="2.337"/>
  <system-out/>
  <testcase classname="api.test.UserTests" name="testGetUserByName" time="1.288"/>
  <system-out/>
  <testcase classname="api.test.UserTests" name="testUpdateUserByName" time="2.371"/>
  <system-out/>
  <testcase classname="api.test.UserTests" name="testDeleteUserByName" time="1.973"/>
  <system-out/>
</testsuite> <!-- api.test.UserTests -->
