<?xml version="1.0" encoding="UTF-8"?>
<!-- Generated by org.testng.reporters.JUnitReportReporter -->
<testsuite hostname="VE23082022-J38H" failures="0" tests="4" name="api.test.UserTests2" time="6.885" errors="0" timestamp="2024-11-20T16:23:21 IST" skipped="0">
  <testcase classname="api.test.UserTests2" name="testPostUser" time="2.294"/>
  <system-out/>
  <testcase classname="api.test.UserTests2" name="testGetUserByName" time="1.177"/>
  <system-out/>
  <testcase classname="api.test.UserTests2" name="testUpdateUserByName" time="2.266"/>
  <system-out/>
  <testcase classname="api.test.UserTests2" name="testDeleteUserByName" time="1.148"/>
  <system-out/>
</testsuite> <!-- api.test.UserTests2 -->
