<?xml version="1.0" encoding="UTF-8"?>
<!-- Generated by org.testng.reporters.JUnitReportReporter -->
<testsuite hostname="VE23082022-J38H" failures="0" tests="4" name="api.test.UserTests" time="5.685" errors="0" timestamp="2024-11-20T17:55:25 IST" skipped="0">
  <testcase classname="api.test.UserTests" name="testPostUser" time="1.185"/>
  <system-out/>
  <testcase classname="api.test.UserTests" name="testGetUserByName" time="1.126"/>
  <system-out/>
  <testcase classname="api.test.UserTests" name="testUpdateUserByName" time="2.208"/>
  <system-out/>
  <testcase classname="api.test.UserTests" name="testDeleteUserByName" time="1.166"/>
  <system-out/>
</testsuite> <!-- api.test.UserTests -->
