<?xml version="1.0" encoding="UTF-8"?>
<!-- Generated by org.testng.reporters.JUnitReportReporter -->
<testsuite hostname="DESKTOP-PPODBDV" failures="0" tests="6" name="api.test.DDTests" time="13.320" errors="0" timestamp="2024-11-23T16:23:31 IST" skipped="0">
  <testcase classname="api.test.DDTests" name="testPostuser" time="1.560"/>
  <system-out/>
  <testcase classname="api.test.DDTests" name="testPostuser" time="5.513"/>
  <system-out/>
  <testcase classname="api.test.DDTests" name="testPostuser" time="1.548"/>
  <system-out/>
  <testcase classname="api.test.DDTests" name="testDeleteUserByName" time="1.518"/>
  <system-out/>
  <testcase classname="api.test.DDTests" name="testDeleteUserByName" time="1.586"/>
  <system-out/>
  <testcase classname="api.test.DDTests" name="testDeleteUserByName" time="1.595"/>
  <system-out/>
</testsuite> <!-- api.test.DDTests -->
