<?xml version="1.0" encoding="UTF-8"?>
<!-- Generated by org.testng.reporters.JUnitReportReporter -->
<testsuite hostname="VE23082022-J38H" failures="0" tests="6" name="api.test.DDTests" time="8.152" errors="0" timestamp="2024-11-20T17:55:25 IST" skipped="0">
  <testcase classname="api.test.DDTests" name="testPostuser" time="1.139"/>
  <system-out/>
  <testcase classname="api.test.DDTests" name="testPostuser" time="1.167"/>
  <system-out/>
  <testcase classname="api.test.DDTests" name="testPostuser" time="2.485"/>
  <system-out/>
  <testcase classname="api.test.DDTests" name="testDeleteUserByName" time="1.147"/>
  <system-out/>
  <testcase classname="api.test.DDTests" name="testDeleteUserByName" time="1.121"/>
  <system-out/>
  <testcase classname="api.test.DDTests" name="testDeleteUserByName" time="1.093"/>
  <system-out/>
</testsuite> <!-- api.test.DDTests -->
