<?xml version="1.0" encoding="UTF-8"?>
<!-- Generated by org.testng.reporters.JUnitReportReporter -->
<testsuite hostname="DESKTOP-PPODBDV" failures="0" tests="4" name="api.test.UserTests" time="8.041" errors="0" timestamp="2024-11-23T16:23:31 IST" skipped="0">
  <testcase classname="api.test.UserTests" name="testPostUser" time="1.919"/>
  <system-out/>
  <testcase classname="api.test.UserTests" name="testGetUserByName" time="1.527"/>
  <system-out/>
  <testcase classname="api.test.UserTests" name="testUpdateUserByName" time="3.112"/>
  <system-out/>
  <testcase classname="api.test.UserTests" name="testDeleteUserByName" time="1.483"/>
  <system-out/>
</testsuite> <!-- api.test.UserTests -->
